# JRE version: Java(TM) SE Runtime Environment (8.0_92-b14) (build 1.8.0_92-b14)
# Java VM: Java HotSpot(TM) 64-Bit Server VM (25.92-b14 mixed mode windows-amd64 compressed oops)
Heap:
 PSYoungGen      total 593920K, used 495291K [0x00000000d6700000, 0x0000000100000000, 0x0000000100000000)
  eden space 569344K, 83% used [0x00000000d6700000,0x00000000f392daf0,0x00000000f9300000)
  from space 24576K, 72% used [0x00000000f9300000,0x00000000fa481150,0x00000000fab00000)
  to   space 25600K, 0% used [0x00000000fe700000,0x00000000fe700000,0x0000000100000000)
 ParOldGen       total 123904K, used 58965K [0x0000000083400000, 0x000000008ad00000, 0x00000000d6700000)
  object space 123904K, 47% used [0x0000000083400000,0x0000000086d955f8,0x000000008ad00000)
 Metaspace       used 79938K, capacity 83572K, committed 83584K, reserved 1122304K
  class space    used 10504K, capacity 11132K, committed 11136K, reserved 1048576K
GC Heap History (10 events):
Event: 13.439 GC heap before
{Heap before GC invocations=14 (full 2):
 PSYoungGen      total 345088K, used 342566K [0x00000000d6700000, 0x00000000f4180000, 0x0000000100000000)
  eden space 327168K, 100% used [0x00000000d6700000,0x00000000ea680000,0x00000000ea680000)
  from space 17920K, 85% used [0x00000000ea680000,0x00000000eb5899a8,0x00000000eb800000)
  to   space 19456K, 0% used [0x00000000f2e80000,0x00000000f2e80000,0x00000000f4180000)
 ParOldGen       total 81408K, used 22575K [0x0000000083400000, 0x0000000088380000, 0x00000000d6700000)
  object space 81408K, 27% used [0x0000000083400000,0x0000000084a0bdf8,0x0000000088380000)
 Metaspace       used 52947K, capacity 55072K, committed 55168K, reserved 1097728K
  class space    used 7062K, capacity 7480K, committed 7552K, reserved 1048576K
Event: 13.460 GC heap after
Heap after GC invocations=14 (full 2):
 PSYoungGen      total 453632K, used 14741K [0x00000000d6700000, 0x00000000f3d00000, 0x0000000100000000)
  eden space 438784K, 0% used [0x00000000d6700000,0x00000000d6700000,0x00000000f1380000)
  from space 14848K, 99% used [0x00000000f2e80000,0x00000000f3ce5500,0x00000000f3d00000)
  to   space 20480K, 0% used [0x00000000f1500000,0x00000000f1500000,0x00000000f2900000)
 ParOldGen       total 81408K, used 30107K [0x0000000083400000, 0x0000000088380000, 0x00000000d6700000)
  object space 81408K, 36% used [0x0000000083400000,0x0000000085166ee8,0x0000000088380000)
 Metaspace       used 52947K, capacity 55072K, committed 55168K, reserved 1097728K
  class space    used 7062K, capacity 7480K, committed 7552K, reserved 1048576K
}
Event: 15.588 GC heap before
{Heap before GC invocations=15 (full 2):
 PSYoungGen      total 453632K, used 349619K [0x00000000d6700000, 0x00000000f3d00000, 0x0000000100000000)
  eden space 438784K, 76% used [0x00000000d6700000,0x00000000eae078e0,0x00000000f1380000)
  from space 14848K, 99% used [0x00000000f2e80000,0x00000000f3ce5500,0x00000000f3d00000)
  to   space 20480K, 0% used [0x00000000f1500000,0x00000000f1500000,0x00000000f2900000)
 ParOldGen       total 81408K, used 30107K [0x0000000083400000, 0x0000000088380000, 0x00000000d6700000)
  object space 81408K, 36% used [0x0000000083400000,0x0000000085166ee8,0x0000000088380000)
 Metaspace       used 56678K, capacity 59078K, committed 59160K, reserved 1099776K
  class space    used 7523K, capacity 8017K, committed 8064K, reserved 1048576K
Event: 15.605 GC heap after
Heap after GC invocations=15 (full 2):
 PSYoungGen      total 460800K, used 13799K [0x00000000d6700000, 0x00000000fc300000, 0x0000000100000000)
  eden space 440320K, 0% used [0x00000000d6700000,0x00000000d6700000,0x00000000f1500000)
  from space 20480K, 67% used [0x00000000f1500000,0x00000000f2279d70,0x00000000f2900000)
  to   space 20992K, 0% used [0x00000000fae80000,0x00000000fae80000,0x00000000fc300000)
 ParOldGen       total 81408K, used 36492K [0x0000000083400000, 0x0000000088380000, 0x00000000d6700000)
  object space 81408K, 44% used [0x0000000083400000,0x00000000857a3288,0x0000000088380000)
 Metaspace       used 56678K, capacity 59078K, committed 59160K, reserved 1099776K
  class space    used 7523K, capacity 8017K, committed 8064K, reserved 1048576K
}
Event: 15.605 GC heap before
{Heap before GC invocations=16 (full 3):
 PSYoungGen      total 460800K, used 13799K [0x00000000d6700000, 0x00000000fc300000, 0x0000000100000000)
  eden space 440320K, 0% used [0x00000000d6700000,0x00000000d6700000,0x00000000f1500000)
  from space 20480K, 67% used [0x00000000f1500000,0x00000000f2279d70,0x00000000f2900000)
  to   space 20992K, 0% used [0x00000000fae80000,0x00000000fae80000,0x00000000fc300000)
 ParOldGen       total 81408K, used 36492K [0x0000000083400000, 0x0000000088380000, 0x00000000d6700000)
  object space 81408K, 44% used [0x0000000083400000,0x00000000857a3288,0x0000000088380000)
 Metaspace       used 56678K, capacity 59078K, committed 59160K, reserved 1099776K
  class space    used 7523K, capacity 8017K, committed 8064K, reserved 1048576K
Event: 15.876 GC heap after
Heap after GC invocations=16 (full 3):
 PSYoungGen      total 460800K, used 0K [0x00000000d6700000, 0x00000000fc300000, 0x0000000100000000)
  eden space 440320K, 0% used [0x00000000d6700000,0x00000000d6700000,0x00000000f1500000)
  from space 20480K, 0% used [0x00000000f1500000,0x00000000f1500000,0x00000000f2900000)
  to   space 20992K, 0% used [0x00000000fae80000,0x00000000fae80000,0x00000000fc300000)
 ParOldGen       total 123904K, used 44136K [0x0000000083400000, 0x000000008ad00000, 0x00000000d6700000)
  object space 123904K, 35% used [0x0000000083400000,0x0000000085f1a150,0x000000008ad00000)
 Metaspace       used 56678K, capacity 59078K, committed 59160K, reserved 1099776K
  class space    used 7523K, capacity 8017K, committed 8064K, reserved 1048576K
}
Event: 18.371 GC heap before
{Heap before GC invocations=17 (full 3):
 PSYoungGen      total 460800K, used 440320K [0x00000000d6700000, 0x00000000fc300000, 0x0000000100000000)
  eden space 440320K, 100% used [0x00000000d6700000,0x00000000f1500000,0x00000000f1500000)
  from space 20480K, 0% used [0x00000000f1500000,0x00000000f1500000,0x00000000f2900000)
  to   space 20992K, 0% used [0x00000000fae80000,0x00000000fae80000,0x00000000fc300000)
 ParOldGen       total 123904K, used 44136K [0x0000000083400000, 0x000000008ad00000, 0x00000000d6700000)
  object space 123904K, 35% used [0x0000000083400000,0x0000000085f1a150,0x000000008ad00000)
 Metaspace       used 62102K, capacity 64852K, committed 64896K, reserved 1105920K
  class space    used 8333K, capacity 8812K, committed 8832K, reserved 1048576K
Event: 18.391 GC heap after
Heap after GC invocations=17 (full 3):
 PSYoungGen      total 564736K, used 20976K [0x00000000d6700000, 0x00000000fc300000, 0x0000000100000000)
  eden space 543744K, 0% used [0x00000000d6700000,0x00000000d6700000,0x00000000f7a00000)
  from space 20992K, 99% used [0x00000000fae80000,0x00000000fc2fc040,0x00000000fc300000)
  to   space 24576K, 0% used [0x00000000f9300000,0x00000000f9300000,0x00000000fab00000)
 ParOldGen       total 123904K, used 45179K [0x0000000083400000, 0x000000008ad00000, 0x00000000d6700000)
  object space 123904K, 36% used [0x0000000083400000,0x000000008601ee10,0x000000008ad00000)
 Metaspace       used 62102K, capacity 64852K, committed 64896K, reserved 1105920K
  class space    used 8333K, capacity 8812K, committed 8832K, reserved 1048576K
}
Event: 345.415 GC heap before
{Heap before GC invocations=18 (full 3):
 PSYoungGen      total 564736K, used 564720K [0x00000000d6700000, 0x00000000fc300000, 0x0000000100000000)
  eden space 543744K, 100% used [0x00000000d6700000,0x00000000f7a00000,0x00000000f7a00000)
  from space 20992K, 99% used [0x00000000fae80000,0x00000000fc2fc040,0x00000000fc300000)
  to   space 24576K, 0% used [0x00000000f9300000,0x00000000f9300000,0x00000000fab00000)
 ParOldGen       total 123904K, used 45179K [0x0000000083400000, 0x000000008ad00000, 0x00000000d6700000)
  object space 123904K, 36% used [0x0000000083400000,0x000000008601ee10,0x000000008ad00000)
 Metaspace       used 76192K, capacity 79628K, committed 79744K, reserved 1118208K
  class space    used 9928K, capacity 10541K, committed 10624K, reserved 1048576K
Event: 345.544 GC heap after
Heap after GC invocations=18 (full 3):
 PSYoungGen      total 593920K, used 17924K [0x00000000d6700000, 0x0000000100000000, 0x0000000100000000)
  eden space 569344K, 0% used [0x00000000d6700000,0x00000000d6700000,0x00000000f9300000)
  from space 24576K, 72% used [0x00000000f9300000,0x00000000fa481150,0x00000000fab00000)
  to   space 25600K, 0% used [0x00000000fe700000,0x00000000fe700000,0x0000000100000000)
 ParOldGen       total 123904K, used 58965K [0x0000000083400000, 0x000000008ad00000, 0x00000000d6700000)
  object space 123904K, 47% used [0x0000000083400000,0x0000000086d955f8,0x000000008ad00000)
 Metaspace       used 76192K, capacity 79628K, committed 79744K, reserved 1118208K
  class space    used 9928K, capacity 10541K, committed 10624K, reserved 1048576K
}

